<?xml version="1.0" encoding="UTF-8"?><testsuite errors="1" failures="0" name="test product purchase" skipped="0" tests="1" time="210.39" timestamp="2021-05-19 12:48:23"><testcase name="test address registration"><error message="element click intercepted: Element &lt;input name=&quot;agreeToReceivePublicity&quot; type=&quot;checkbox&quot; class=&quot;l-agree-receive-publicity-check&quot;&gt; is not clickable at point (439, 584). Other element would receive the click: &lt;div id=&quot;yie-backdrop-0ddc746e-fc7a-5584-817c-338ada8492d7&quot; style=&quot;position: absolute; top: 0px; left: 0px; right: 0px; bottom: 0px; opacity: 0.7; background-color: rgb(0, 0, 0); transform: translateZ(0);&quot; class=&quot;yie_esc_0ddc746e-fc7a-5584-817c-338ada8492d7&quot;&gt;&lt;/div&gt;&#10;  (Session info: chrome=87.0.4280.66)&#10;Build info: version: '3.141.59', revision: 'e82be7d358', time: '2018-11-14T08:17:03'&#10;System info: host: 'COLT0112820', ip: '192.168.1.6', os.name: 'Windows 10', os.arch: 'amd64', os.version: '10.0', java.version: '1.8.0_291'&#10;Driver info: org.openqa.selenium.remote.RemoteWebDriver&#10;Capabilities {acceptInsecureCerts: false, browserName: chrome, browserVersion: 87.0.4280.66, chrome: {chromedriverVersion: 87.0.4280.20 (c99e81631faa0..., userDataDir: C:\Users\ltuser\AppData\Loc...}, goog:chromeOptions: {debuggerAddress: localhost:52537}, javascriptEnabled: true, networkConnectionEnabled: false, pageLoadStrategy: normal, platform: WINDOWS, platformName: WINDOWS, proxy: Proxy(), setWindowRect: true, strictFileInteractability: false, timeouts: {implicit: 0, pageLoad: 300000, script: 30000}, unhandledPromptBehavior: dismiss and notify, webauthn:virtualAuthenticators: true, webdriver.remote.sessionid: b5047064e5d2821e571a5acd059...}&#10;Session ID: b5047064e5d2821e571a5acd05978242" type="org.openqa.selenium.ElementClickInterceptedException">element click intercepted: Element &lt;input name="agreeToReceivePublicity" type="checkbox" class="l-agree-receive-publicity-check"&gt; is not clickable at point (439, 584). Other element would receive the click: &lt;div id="yie-backdrop-0ddc746e-fc7a-5584-817c-338ada8492d7" style="position: absolute; top: 0px; left: 0px; right: 0px; bottom: 0px; opacity: 0.7; background-color: rgb(0, 0, 0); transform: translateZ(0);" class="yie_esc_0ddc746e-fc7a-5584-817c-338ada8492d7"&gt;&lt;/div&gt;
  (Session info: chrome=87.0.4280.66)
Build info: version: '3.141.59', revision: 'e82be7d358', time: '2018-11-14T08:17:03'
System info: host: 'COLT0112820', ip: '192.168.1.6', os.name: 'Windows 10', os.arch: 'amd64', os.version: '10.0', java.version: '1.8.0_291'
Driver info: org.openqa.selenium.remote.RemoteWebDriver
Capabilities {acceptInsecureCerts: false, browserName: chrome, browserVersion: 87.0.4280.66, chrome: {chromedriverVersion: 87.0.4280.20 (c99e81631faa0..., userDataDir: C:\Users\ltuser\AppData\Loc...}, goog:chromeOptions: {debuggerAddress: localhost:52537}, javascriptEnabled: true, networkConnectionEnabled: false, pageLoadStrategy: normal, platform: WINDOWS, platformName: WINDOWS, proxy: Proxy(), setWindowRect: true, strictFileInteractability: false, timeouts: {implicit: 0, pageLoad: 300000, script: 30000}, unhandledPromptBehavior: dismiss and notify, webauthn:virtualAuthenticators: true, webdriver.remote.sessionid: b5047064e5d2821e571a5acd059...}
Session ID: b5047064e5d2821e571a5acd05978242</error><system-err>element click intercepted: Element &lt;input name="agreeToReceivePublicity" type="checkbox" class="l-agree-receive-publicity-check"&gt; is not clickable at point (439, 584). Other element would receive the click: &lt;div id="yie-backdrop-0ddc746e-fc7a-5584-817c-338ada8492d7" style="position: absolute; top: 0px; left: 0px; right: 0px; bottom: 0px; opacity: 0.7; background-color: rgb(0, 0, 0); transform: translateZ(0);" class="yie_esc_0ddc746e-fc7a-5584-817c-338ada8492d7"&gt;&lt;/div&gt;
  (Session info: chrome=87.0.4280.66)
Build info: version: '3.141.59', revision: 'e82be7d358', time: '2018-11-14T08:17:03'
System info: host: 'COLT0112820', ip: '192.168.1.6', os.name: 'Windows 10', os.arch: 'amd64', os.version: '10.0', java.version: '1.8.0_291'
Driver info: org.openqa.selenium.remote.RemoteWebDriver
Capabilities {acceptInsecureCerts: false, browserName: chrome, browserVersion: 87.0.4280.66, chrome: {chromedriverVersion: 87.0.4280.20 (c99e81631faa0..., userDataDir: C:\Users\ltuser\AppData\Loc...}, goog:chromeOptions: {debuggerAddress: localhost:52537}, javascriptEnabled: true, networkConnectionEnabled: false, pageLoadStrategy: normal, platform: WINDOWS, platformName: WINDOWS, proxy: Proxy(), setWindowRect: true, strictFileInteractability: false, timeouts: {implicit: 0, pageLoad: 300000, script: 30000}, unhandledPromptBehavior: dismiss and notify, webauthn:virtualAuthenticators: true, webdriver.remote.sessionid: b5047064e5d2821e571a5acd059...}
Session ID: b5047064e5d2821e571a5acd05978242&#13;
com.co.belcorp.tasks.RegisterAs.performAs(RegisterAs.java:31)&#13;
com.co.belcorp.stepdefinitions.BuyOnEsikaPageDefinition.registerGuest(BuyOnEsikaPageDefinition.java:50)&#13;
io.cucumber.java.Invoker.invoke(Invoker.java:27)&#13;
io.cucumber.java.JavaStepDefinition.execute(JavaStepDefinition.java:27)&#13;
io.cucumber.core.runner.PickleStepDefinitionMatch.runStep(PickleStepDefinitionMatch.java:63)&#13;
io.cucumber.core.runner.TestStep.executeStep(TestStep.java:64)&#13;
io.cucumber.core.runner.TestStep.run(TestStep.java:49)&#13;
io.cucumber.core.runner.PickleStepTestStep.run(PickleStepTestStep.java:46)&#13;
io.cucumber.core.runner.TestCase.run(TestCase.java:51)&#13;
io.cucumber.core.runner.Runner.runPickle(Runner.java:67)&#13;
io.cucumber.junit.FeatureRunner.runChild(FeatureRunner.java:83)&#13;
io.cucumber.junit.FeatureRunner.runChild(FeatureRunner.java:24)&#13;
io.cucumber.junit.CucumberSerenityRunner.runChild(CucumberSerenityRunner.java:227)&#13;
io.cucumber.junit.CucumberSerenityRunner.runChild(CucumberSerenityRunner.java:54)&#13;
</system-err></testcase></testsuite>